Start testing: Oct 29 11:50 CET
----------------------------------------------------------
1/1 Testing: Network_simulation
1/1 Test: Network_simulation
Command: "/home/localguest/Desktop/Network/build/testNetSim"
Directory: /home/localguest/Desktop/Network/build
"Network_simulation" start time: Oct 29 11:50 CET
Output:
----------------------------------------------------------
[==========] Running 4 tests from 1 test case.
[----------] Global test environment set-up.
[----------] 4 tests from networkTest
[ RUN      ] networkTest.initialize
[       OK ] networkTest.initialize (1 ms)
[ RUN      ] networkTest.connect
[       OK ] networkTest.connect (2 ms)
[ RUN      ] networkTest.values
[       OK ] networkTest.values (0 ms)
[ RUN      ] networkTest.resizing
[       OK ] networkTest.resizing (0 ms)
[----------] 4 tests from networkTest (3 ms total)

[----------] Global test environment tear-down
[==========] 4 tests from 1 test case ran. (4 ms total)
[  PASSED  ] 4 tests.
<end of output>
Test time =   0.01 sec
----------------------------------------------------------
Test Passed.
"Network_simulation" end time: Oct 29 11:50 CET
"Network_simulation" time elapsed: 00:00:00
----------------------------------------------------------

End testing: Oct 29 11:50 CET
